<?xml version="1.0" encoding="UTF-8"?>
<!-- Generated by org.testng.reporters.JUnitReportReporter -->
<testsuite hostname="IPMDM20" failures="1" tests="1" name="com.midas.qa.testcases.HomePageTest" time="12.035" errors="0" timestamp="2025-01-13T09:58:52 IST" skipped="0">
  <testcase classname="com.midas.qa.testcases.HomePageTest" name="verifyHomePageTitleTest" time="12.035">
    <failure message="Home page title not matched expected [ssruat.infoplusmdm] but found [LoginModule]" type="java.lang.AssertionError">
      <![CDATA[java.lang.AssertionError: Home page title not matched expected [ssruat.infoplusmdm] but found [LoginModule]
at org.testng.Assert.fail(Assert.java:99)
at org.testng.Assert.failNotEquals(Assert.java:1037)
at org.testng.Assert.assertEqualsImpl(Assert.java:140)
at org.testng.Assert.assertEquals(Assert.java:122)
at org.testng.Assert.assertEquals(Assert.java:629)
at com.midas.qa.testcases.HomePageTest.verifyHomePageTitleTest(HomePageTest.java:35)
at java.base/jdk.internal.reflect.DirectMethodHandleAccessor.invoke(DirectMethodHandleAccessor.java:103)
at java.base/java.lang.reflect.Method.invoke(Method.java:580)
at org.testng.internal.MethodInvocationHelper.invokeMethod(MethodInvocationHelper.java:133)
at org.testng.internal.TestInvoker.invokeMethod(TestInvoker.java:598)
at org.testng.internal.TestInvoker.invokeTestMethod(TestInvoker.java:173)
at org.testng.internal.MethodRunner.runInSequence(MethodRunner.java:46)
at org.testng.internal.TestInvoker$MethodInvocationAgent.invoke(TestInvoker.java:824)
at org.testng.internal.TestInvoker.invokeTestMethods(TestInvoker.java:146)
at org.testng.internal.TestMethodWorker.invokeTestMethods(TestMethodWorker.java:146)
at org.testng.internal.TestMethodWorker.run(TestMethodWorker.java:128)
at java.base/java.util.concurrent.ThreadPoolExecutor.runWorker(ThreadPoolExecutor.java:1144)
at java.base/java.util.concurrent.ThreadPoolExecutor$Worker.run(ThreadPoolExecutor.java:642)
at java.base/java.lang.Thread.run(Thread.java:1575)
]]>
    </failure>
  </testcase> <!-- verifyHomePageTitleTest -->
  <system-out/>
</testsuite> <!-- com.midas.qa.testcases.HomePageTest -->
