<?xml version="1.0" encoding="UTF-8"?>
<!-- Generated by org.testng.reporters.JUnitReportReporter -->
<testsuite hostname="IPMDM20" failures="0" tests="3" name="com.crm.qa.testcases.LoginPageTest" time="25.218" errors="0" timestamp="2025-01-10T15:32:04 IST" skipped="0">
  <testcase classname="com.crm.qa.testcases.LoginPageTest" name="loginPageTitleTest" time="5.928"/>
  <system-out/>
  <testcase classname="com.crm.qa.testcases.LoginPageTest" name="LogoImageTest" time="7.609"/>
  <system-out/>
  <testcase classname="com.crm.qa.testcases.LoginPageTest" name="loginTest" time="11.681"/>
  <system-out/>
</testsuite> <!-- com.crm.qa.testcases.LoginPageTest -->
