<?xml version="1.0" encoding="UTF-8"?>
<!-- Generated by org.testng.reporters.JUnitReportReporter -->
<testsuite hostname="IPMDM20" failures="0" tests="2" name="com.midas.qa.testcases.LoginPageTest" time="8.430" errors="0" timestamp="2025-02-04T11:59:31 IST" skipped="1">
  <testcase classname="com.midas.qa.testcases.LoginPageTest" name="LogoImageTest" time="8.430"/>
  <system-out/>
  <testcase classname="com.midas.qa.testcases.LoginPageTest" name="loginPageTitleTest">
    <skipped/>
  </testcase> <!-- loginPageTitleTest -->
  <system-out/>
</testsuite> <!-- com.midas.qa.testcases.LoginPageTest -->
