<?xml version="1.0" encoding="UTF-8"?>
<!-- Generated by org.testng.reporters.JUnitReportReporter -->
<testsuite hostname="IPMDM20" failures="0" tests="2" name="com.midas.qa.testcases.SearchPageTest" time="34.911" errors="0" timestamp="2025-01-13T12:58:55 IST" skipped="1">
  <testcase classname="com.midas.qa.testcases.SearchPageTest" name="verifySearchBox" time="34.911"/>
  <system-out/>
  <testcase classname="com.midas.qa.testcases.SearchPageTest" name="searchPageFilter">
    <skipped/>
  </testcase> <!-- searchPageFilter -->
  <system-out/>
</testsuite> <!-- com.midas.qa.testcases.SearchPageTest -->
