<?xml version="1.0" encoding="UTF-8"?>
<!-- Generated by org.testng.reporters.JUnitReportReporter -->
<testsuite hostname="IPMDM20" failures="0" tests="3" name="com.midas.qa.testcases.LoginPageTest" time="9.635" errors="0" timestamp="2025-03-25T14:14:32 IST" skipped="2">
  <testcase classname="com.midas.qa.testcases.LoginPageTest" name="LogoImageTest" time="9.635"/>
  <system-out/>
  <testcase classname="com.midas.qa.testcases.LoginPageTest" name="loginPageTitleTest">
    <skipped/>
  </testcase> <!-- loginPageTitleTest -->
  <system-out/>
  <testcase classname="com.midas.qa.testcases.LoginPageTest" name="loginTest">
    <skipped/>
  </testcase> <!-- loginTest -->
  <system-out/>
</testsuite> <!-- com.midas.qa.testcases.LoginPageTest -->
