<?xml version="1.0" encoding="UTF-8"?>
<!-- Generated by org.testng.reporters.JUnitReportReporter -->
<testsuite hostname="IPMDM20" failures="0" tests="1" name="com.midas.qa.testcases.SearchPageTest" time="24.516" errors="0" timestamp="2025-01-20T14:07:20 IST" skipped="0">
  <testcase classname="com.midas.qa.testcases.SearchPageTest" name="additionalSettingsMaterialNumber" time="24.516"/>
  <system-out/>
</testsuite> <!-- com.midas.qa.testcases.SearchPageTest -->
