<?xml version="1.0" encoding="UTF-8"?>
<!-- Generated by org.testng.reporters.JUnitReportReporter -->
<testsuite hostname="IPMDM20" failures="0" tests="3" name="com.midas.qa.testcases.LoginPageTest" time="25.626" errors="0" timestamp="2025-01-13T10:00:53 IST" skipped="0">
  <testcase classname="com.midas.qa.testcases.LoginPageTest" name="loginPageTitleTest" time="6.246"/>
  <system-out/>
  <testcase classname="com.midas.qa.testcases.LoginPageTest" name="LogoImageTest" time="5.768"/>
  <system-out/>
  <testcase classname="com.midas.qa.testcases.LoginPageTest" name="loginTest" time="13.612"/>
  <system-out/>
</testsuite> <!-- com.midas.qa.testcases.LoginPageTest -->
